<?xml version="1.0" encoding="UTF-8"?>
<!-- Generated by org.testng.reporters.JUnitReportReporter -->
<testsuite name="test.java.unit.TestAddition" tests="2" time="0.005" ignored="0" failures="0" timestamp="30 Jan 2017 00:27:54 GMT" skipped="0" hostname="Rajivs-MacBook-Pro.local" errors="0">
  <testcase name="testToVerifyException" time="0.000" classname="test.java.unit.TestAddition"/>
  <testcase name="testToAddValues" time="0.005" classname="test.java.unit.TestAddition"/>
</testsuite> <!-- test.java.unit.TestAddition -->
